\BOOKMARK [0][-]{chapter*.2}{\376\377\004\042\004\065\004\100\004\074\004\070\004\075\004\113\000\040\004\070\000\040\004\076\004\077\004\100\004\065\004\064\004\065\004\073\004\065\004\075\004\070\004\117}{}% 1
\BOOKMARK [0][-]{chapter*.3}{\376\377\004\022\004\022\004\025\004\024\004\025\004\035\004\030\004\025}{}% 2
\BOOKMARK [0][-]{chapter.1}{\376\377\0001\000\040\004\020\004\075\004\060\004\073\004\070\004\102\004\070\004\107\004\065\004\101\004\072\004\070\004\071\000\040\004\076\004\061\004\067\004\076\004\100}{}% 3
\BOOKMARK [1][-]{section.1.1}{\376\377\0001\000.\0001\000\040\004\037\004\100\004\076\004\063\004\075\004\076\004\067\004\070\004\100\004\076\004\062\004\060\004\075\004\070\004\065\000\040\004\107\004\070\004\101\004\073\004\060\000\040\004\077\004\100\004\076\004\101\004\074\004\076\004\102\004\100\004\076\004\062}{chapter.1}% 4
\BOOKMARK [1][-]{section.1.2}{\376\377\0001\000.\0002\000\040\004\037\004\100\004\076\004\063\004\075\004\076\004\067\004\070\004\100\004\076\004\062\004\060\004\075\004\070\004\065\000\040\004\062\004\076\004\062\004\073\004\065\004\107\004\121\004\075\004\075\004\076\004\101\004\102\004\070\000\040\004\060\004\103\004\064\004\070\004\102\004\076\004\100\004\070\004\070}{chapter.1}% 5
\BOOKMARK [1][-]{section.1.3}{\376\377\0001\000.\0003\000\040\004\036\004\061\004\076\004\101\004\075\004\076\004\062\004\060\004\075\004\070\004\065\000\040\004\062\004\113\004\061\004\076\004\100\004\060\000\040\004\077\004\073\004\060\004\102\004\104\004\076\004\100\004\074\004\113\000\040\000Y\000o\000u\000T\000u\000b\000e}{chapter.1}% 6
\BOOKMARK [1][-]{section.1.4}{\376\377\0001\000.\0004\000\040\004\036\004\061\004\076\004\101\004\075\004\076\004\062\004\060\004\075\004\070\004\065\000\040\004\062\004\113\004\061\004\076\004\100\004\060\000\040\004\102\004\065\004\105\004\075\004\076\004\073\004\076\004\063\004\070\004\071}{chapter.1}% 7
\BOOKMARK [1][-]{section.1.4}{\376\377\004\022\004\113\004\062\004\076\004\064\004\113\000\040\004\077\004\076\000\040\004\063\004\073\004\060\004\062\004\065\000\040\0001}{chapter.1}% 8
\BOOKMARK [0][-]{chapter.2}{\376\377\0002\000\040\004\037\004\100\004\076\004\065\004\072\004\102\004\070\004\100\004\076\004\062\004\060\004\075\004\070\004\065\000\040\004\101\004\070\004\101\004\102\004\065\004\074\004\113}{}% 9
\BOOKMARK [1][-]{section.2.1}{\376\377\0002\000.\0001\000\040\004\036\004\101\004\075\004\076\004\062\004\075\004\113\004\065\000\040\004\115\004\102\004\060\004\077\004\113\000\040\004\100\004\060\004\061\004\076\004\102\004\113}{chapter.2}% 10
\BOOKMARK [1][-]{section.2.2}{\376\377\0002\000.\0002\000\040\004\041\004\061\004\076\004\100\000\040\004\072\004\076\004\074\004\074\004\065\004\075\004\102\004\060\004\100\004\070\004\065\004\062}{chapter.2}% 11
\BOOKMARK [2][-]{subsection.2.2.1}{\376\377\0002\000.\0002\000.\0001\000\040\004\041\004\065\004\074\004\060\004\075\004\102\004\070\004\107\004\065\004\101\004\072\004\070\004\071\000\040\004\060\004\075\004\060\004\073\004\070\004\067\000\040\004\072\004\076\004\074\004\074\004\065\004\075\004\102\004\060\004\100\004\070\004\065\004\062}{section.2.2}% 12
\BOOKMARK [1][-]{section.2.3}{\376\377\0002\000.\0003\000\040\004\030\004\067\004\062\004\073\004\065\004\107\004\065\004\075\004\070\004\065\000\040\004\077\004\100\004\070\004\067\004\075\004\060\004\072\004\076\004\062}{chapter.2}% 13
\BOOKMARK [2][-]{subsection.2.3.1}{\376\377\0002\000.\0003\000.\0001\000\040\004\037\004\100\004\076\004\101\004\102\004\100\004\060\004\075\004\101\004\102\004\062\004\076\000\040\004\077\004\100\004\070\004\067\004\075\004\060\004\072\004\076\004\062}{section.2.3}% 14
\BOOKMARK [2][-]{subsection.2.3.2}{\376\377\0002\000.\0003\000.\0002\000\040\004\030\004\067\004\062\004\073\004\065\004\107\004\065\004\075\004\070\004\065\000\040\004\063\004\100\004\060\004\075\004\070\004\106\000\040\004\077\004\076\004\062\004\102\004\076\004\100\004\117\004\116\004\111\004\070\004\105\004\101\004\117\000\040\004\062\004\101\004\102\004\060\004\062\004\076\004\072\000.}{section.2.3}% 15
\BOOKMARK [2][-]{subsection.2.3.3}{\376\377\0002\000.\0003\000.\0003\000\040\004\022\004\065\004\072\004\102\004\076\004\100\004\075\004\113\004\071\000\040\004\060\004\075\004\060\004\073\004\070\004\067\000\040\004\074\004\076\004\064\004\060\004\073\004\114\004\075\004\113\004\105\000\040\004\101\004\076\004\101\004\102\004\060\004\062\004\073\004\117\004\116\004\111\004\070\004\105}{section.2.3}% 16
\BOOKMARK [2][-]{subsection.2.3.4}{\376\377\0002\000.\0003\000.\0004\000\040\004\037\004\100\004\070\004\067\004\075\004\060\004\072\004\070\000\040\004\063\004\100\004\076\004\074\004\072\004\076\004\101\004\102\004\070\000\040\004\070\000\040\004\064\004\070\004\075\004\060\004\074\004\070\004\072\004\070\000\040\004\067\004\062\004\103\004\072\004\076\004\062\004\076\004\063\004\076\000\040\004\101\004\070\004\063\004\075\004\060\004\073\004\060\000.}{section.2.3}% 17
\BOOKMARK [2][-]{subsection.2.3.5}{\376\377\0002\000.\0003\000.\0005\000\040\004\022\004\070\004\067\004\103\004\060\004\073\004\114\004\075\004\060\004\117\000\040\004\101\004\076\004\101\004\102\004\060\004\062\004\073\004\117\004\116\004\111\004\060\004\117\000\040\004\072\004\060\004\064\004\100\004\060}{section.2.3}% 18
\BOOKMARK [2][-]{subsection.2.3.6}{\376\377\0002\000.\0003\000.\0006\000\040\004\037\004\100\004\070\004\067\004\075\004\060\004\072\004\070\000\040\004\100\004\065\004\072\004\073\004\060\004\074\004\075\004\113\004\105\000\040\004\070\004\075\004\102\004\065\004\063\004\100\004\060\004\106\004\070\004\071}{section.2.3}% 19
\BOOKMARK [2][-]{subsection.2.3.7}{\376\377\0002\000.\0003\000.\0007\000\040\004\037\004\100\004\070\004\067\004\075\004\060\004\072\004\070\000\040\004\064\004\062\004\070\004\066\004\065\004\075\004\070\004\117\000\040\004\062\000\040\004\072\004\060\004\064\004\100\004\065\000.}{section.2.3}% 20
\BOOKMARK [2][-]{subsection.2.3.8}{\376\377\0002\000.\0003\000.\0008\000\040\004\041\004\072\004\076\004\100\004\076\004\101\004\102\004\114\000\040\004\100\004\065\004\107\004\070\000\040\004\070\000\040\004\077\004\073\004\076\004\102\004\075\004\076\004\101\004\102\004\114\000\040\004\101\004\073\004\076\004\062}{section.2.3}% 21
\BOOKMARK [2][-]{subsection.2.3.9}{\376\377\0002\000.\0003\000.\0009\000\040\004\036\004\061\004\100\004\060\004\111\004\065\004\075\004\070\004\117\000\040\004\072\000\040\004\067\004\100\004\070\004\102\004\065\004\073\004\116}{section.2.3}% 22
\BOOKMARK [2][-]{subsection.2.3.10}{\376\377\0002\000.\0003\000.\0001\0000\000\040\004\036\004\077\004\100\004\065\004\064\004\065\004\073\004\065\004\075\004\070\004\065\000\040\004\062\004\101\004\102\004\103\004\077\004\073\004\065\004\075\004\070\004\117\000\040\004\070\000\040\004\067\004\060\004\072\004\073\004\116\004\107\004\065\004\075\004\070\004\117\000\040\004\062\004\070\004\064\004\065\004\076\004\100\004\076\004\073\004\070\004\072\004\060}{section.2.3}% 23
\BOOKMARK [2][-]{subsection.2.3.11}{\376\377\0002\000.\0003\000.\0001\0001\000\040\004\040\004\060\004\067\004\061\004\076\004\100\004\107\004\070\004\062\004\076\004\101\004\102\004\114\000\040\004\100\004\065\004\107\004\070}{section.2.3}% 24
\BOOKMARK [2][-]{subsection.2.3.12}{\376\377\0002\000.\0003\000.\0001\0002\000\040\004\041\004\073\004\076\004\062\004\060\000-\004\077\004\060\004\100\004\060\004\067\004\070\004\102\004\113}{section.2.3}% 25
\BOOKMARK [2][-]{subsection.2.3.13}{\376\377\0002\000.\0003\000.\0001\0003\000\040\004\022\004\076\004\062\004\073\004\065\004\072\004\060\004\116\004\111\004\065\004\065\000\040\004\075\004\060\004\107\004\060\004\073\004\076\000\040\004\070\000\040\004\062\004\076\004\077\004\100\004\076\004\101\004\070\004\102\004\065\004\073\004\114\004\075\004\113\004\065\000\040\004\072\004\076\004\075\004\101\004\102\004\100\004\103\004\072\004\106\004\070\004\070}{section.2.3}% 26
\BOOKMARK [2][-]{subsection.2.3.14}{\376\377\0002\000.\0003\000.\0001\0004\000\040\004\037\004\100\004\070\004\074\004\065\004\100\004\113\000\040\004\070\000\040\004\077\004\076\004\062\004\065\004\101\004\102\004\062\004\076\004\062\004\060\004\102\004\065\004\073\004\114\004\075\004\113\004\065\000\040\004\115\004\073\004\065\004\074\004\065\004\075\004\102\004\113}{section.2.3}% 27
\BOOKMARK [2][-]{subsection.2.3.15}{\376\377\0002\000.\0003\000.\0001\0005\000\040\004\037\004\073\004\076\004\102\004\075\004\076\004\101\004\102\004\114\000\040\004\070\004\075\004\104\004\076\004\100\004\074\004\060\004\106\004\070\004\070\000\040\004\070\000\040\004\101\004\074\004\113\004\101\004\073\004\076\004\062\004\113\004\065\000\040\004\076\004\066\004\070\004\064\004\060\004\075\004\070\004\117}{section.2.3}% 28
\BOOKMARK [2][-]{subsection.2.3.16}{\376\377\0002\000.\0003\000.\0001\0006\000\040\004\037\004\100\004\070\004\067\004\075\004\060\004\072\004\070\000\040\004\072\004\076\004\074\004\074\004\065\004\075\004\102\004\060\004\100\004\070\004\065\004\062\000\040\004\060\004\103\004\064\004\070\004\102\004\076\004\100\004\070\004\070}{section.2.3}% 29
\BOOKMARK [2][-]{subsection.2.3.17}{\376\377\0002\000.\0003\000.\0001\0007\000\040\004\041\004\076\004\076\004\102\004\062\004\065\004\102\004\101\004\102\004\062\004\070\004\065\000\040\004\067\004\060\004\063\004\076\004\073\004\076\004\062\004\072\004\060\000\040\004\101\004\076\004\064\004\065\004\100\004\066\004\060\004\075\004\070\004\116}{section.2.3}% 30
\BOOKMARK [2][-]{subsection.2.3.18}{\376\377\0002\000.\0003\000.\0001\0008\000\040\004\046\004\062\004\065\004\102\004\076\004\062\004\113\004\065\000\040\004\105\004\060\004\100\004\060\004\072\004\102\004\065\004\100\004\070\004\101\004\102\004\070\004\072\004\070\000\040\004\072\004\060\004\064\004\100\004\060}{section.2.3}% 31
\BOOKMARK [2][-]{subsection.2.3.19}{\376\377\0002\000.\0003\000.\0001\0009\000\040\004\032\004\076\004\100\004\076\004\102\004\072\004\070\004\065\000\040\004\062\004\070\004\067\004\103\004\060\004\073\004\114\004\075\004\113\004\065\000\040\004\062\004\101\004\102\004\060\004\062\004\072\004\070}{section.2.3}% 32
\BOOKMARK [2][-]{subsection.2.3.20}{\376\377\0002\000.\0003\000.\0002\0000\000\040\004\041\004\070\004\075\004\105\004\100\004\076\004\075\004\070\004\067\004\060\004\106\004\070\004\117\000\040\004\074\004\076\004\075\004\102\004\060\004\066\004\060\000\040\004\101\000\040\004\074\004\103\004\067\004\113\004\072\004\076\004\071}{section.2.3}% 33
\BOOKMARK [2][-]{subsection.2.3.21}{\376\377\0002\000.\0003\000.\0002\0001\000\040\004\041\004\074\004\065\004\105\000\040\004\062\000\040\004\060\004\103\004\064\004\070\004\076\004\064\004\076\004\100\004\076\004\066\004\072\004\065}{section.2.3}% 34
\BOOKMARK [2][-]{subsection.2.3.22}{\376\377\0002\000.\0003\000.\0002\0002\000\040\004\041\004\073\004\076\004\066\004\075\004\076\004\101\004\102\004\114\000\040\004\062\004\076\004\101\004\077\004\100\004\070\004\117\004\102\004\070\004\117\000\040\004\100\004\065\004\107\004\070}{section.2.3}% 35
\BOOKMARK [2][-]{subsection.2.3.23}{\376\377\0002\000.\0003\000.\0002\0003\000\040\004\041\004\102\004\100\004\103\004\072\004\102\004\103\004\100\004\060\000\040\004\101\004\074\004\113\004\101\004\073\004\076\004\062\004\113\004\105\000\040\004\063\004\073\004\060\004\062}{section.2.3}% 36
\BOOKMARK [2][-]{subsection.2.3.24}{\376\377\0002\000.\0003\000.\0002\0004\000\040\004\040\004\060\004\067\004\064\004\065\004\073\004\065\004\075\004\070\004\065\000\040\004\063\004\076\004\073\004\076\004\101\004\060\000\040\004\070\000\040\004\074\004\103\004\067\004\113\004\072\004\070}{section.2.3}% 37
\BOOKMARK [2][-]{subsection.2.3.25}{\376\377\0002\000.\0003\000.\0002\0005\000\040\004\022\004\070\004\067\004\103\004\060\004\073\004\114\004\075\004\060\004\117\000\040\004\101\004\073\004\076\004\066\004\075\004\076\004\101\004\102\004\114\000\040\004\072\004\060\004\064\004\100\004\060}{section.2.3}% 38
\BOOKMARK [2][-]{subsection.2.3.26}{\376\377\0002\000.\0003\000.\0002\0006\000\040\004\041\004\076\004\062\004\074\004\065\004\101\004\102\004\075\004\113\004\065\000\040\004\077\004\100\004\070\004\067\004\075\004\060\004\072\004\070\000\040\004\100\004\060\004\067\004\075\004\113\004\105\000\040\004\074\004\076\004\064\004\060\004\073\004\114\004\075\004\076\004\101\004\102\004\065\004\071}{section.2.3}% 39
\BOOKMARK [2][-]{subsection.2.3.27}{\376\377\0002\000.\0003\000.\0002\0007\000\040\004\044\004\070\004\075\004\060\004\073\004\114\004\075\004\113\004\065\000\040\004\104\004\100\004\060\004\063\004\074\004\065\004\075\004\102\004\113\000\040\004\100\004\076\004\073\004\070\004\072\004\060}{section.2.3}% 40
\BOOKMARK [2][-]{subsection.2.3.28}{\376\377\0002\000.\0003\000.\0002\0008\000\040\004\037\004\060\004\103\004\067\004\113\000\040\004\070\000\040\004\103\004\101\004\102\004\076\004\071\004\107\004\070\004\062\004\076\004\101\004\102\004\114\000\040\004\102\004\065\004\074\004\077\004\060\000\040\004\100\004\065\004\107\004\070}{section.2.3}% 41
\BOOKMARK [2][-]{subsection.2.3.29}{\376\377\0002\000.\0003\000.\0002\0009\000\040\004\044\004\076\004\075\004\076\004\062\004\060\004\117\000\040\004\074\004\103\004\067\004\113\004\072\004\060\000\040\004\070\000\040\004\065\004\121\000\040\004\070\004\067\004\074\004\065\004\075\004\065\004\075\004\070\004\065}{section.2.3}% 42
\BOOKMARK [2][-]{subsection.2.3.30}{\376\377\0002\000.\0003\000.\0003\0000\000\040\004\037\004\100\004\070\004\101\004\103\004\102\004\101\004\102\004\062\004\070\004\065\000\040\004\073\004\070\004\106\004\060\000\040\004\070\000\040\004\072\004\100\004\103\004\077\004\075\004\076\004\101\004\102\004\114\000\040\004\077\004\073\004\060\004\075\004\060}{section.2.3}% 43
\BOOKMARK [1][-]{section.2.4}{\376\377\0002\000.\0004\000\040\000B\000a\000s\000e\000l\000i\000n\000e\000-\004\072\004\100\004\070\004\062\004\060\004\117\000\040\004\103\004\064\004\065\004\100\004\066\004\060\004\075\004\070\004\117\000\040\004\070\000\040\004\077\004\060\004\100\004\060\004\074\004\065\004\102\004\100\004\070\004\107\004\065\004\101\004\072\004\060\004\117\000\040\004\060\004\077\004\077\004\100\004\076\004\072\004\101\004\070\004\074\004\060\004\106\004\070\004\117\000\040\000r\000e\000t\000e\000n\000t\000i\000o\000n\000-\004\072\004\100\004\070\004\062\004\113\004\105}{chapter.2}% 44
\BOOKMARK [2][-]{subsection.2.4.1}{\376\377\0002\000.\0004\000.\0001\000\040\004\035\004\076\004\100\004\074\004\060\004\073\004\070\004\067\004\060\004\106\004\070\004\117\000\040\004\077\004\100\004\070\004\067\004\075\004\060\004\072\004\076\004\062\000.}{section.2.4}% 45
\BOOKMARK [2][-]{subsection.2.4.2}{\376\377\0002\000.\0004\000.\0002\000\040\000B\000a\000s\000e\000l\000i\000n\000e\000-\004\072\004\100\004\070\004\062\004\060\004\117\000\040\004\103\004\064\004\065\004\100\004\066\004\060\004\075\004\070\004\117}{section.2.4}% 46
\BOOKMARK [2][-]{subsection.2.4.3}{\376\377\0002\000.\0004\000.\0003\000\040\004\037\004\060\004\100\004\060\004\074\004\065\004\102\004\100\004\070\004\107\004\065\004\101\004\072\004\060\004\117\000\040\004\060\004\077\004\077\004\100\004\076\004\072\004\101\004\070\004\074\004\060\004\106\004\070\004\117\000\040\000r\000e\000t\000e\000n\000t\000i\000o\000n\000-\004\072\004\100\004\070\004\062\004\113\004\105}{section.2.4}% 47
\BOOKMARK [1][-]{section.2.5}{\376\377\0002\000.\0005\000\040\004\020\004\100\004\105\004\070\004\102\004\065\004\072\004\102\004\103\004\100\004\113\000\040\004\077\004\100\004\065\004\064\004\101\004\072\004\060\004\067\004\060\004\075\004\070\004\117\000\040\004\103\004\064\004\065\004\100\004\066\004\060\004\075\004\070\004\117\000\040\004\067\004\100\004\070\004\102\004\065\004\073\004\065\004\071}{chapter.2}% 48
\BOOKMARK [2][-]{subsection.2.5.1}{\376\377\0002\000.\0005\000.\0001\000\040\000T\000r\000a\000n\000s\000f\000o\000r\000m\000e\000r}{section.2.5}% 49
\BOOKMARK [2][-]{subsection.2.5.2}{\376\377\0002\000.\0005\000.\0002\000\040\000L\000S\000T\000M}{section.2.5}% 50
\BOOKMARK [2][-]{subsection.2.5.3}{\376\377\0002\000.\0005\000.\0003\000\040\000V\000I\000D\000E\000O\000M\000A\000E}{section.2.5}% 51
\BOOKMARK [2][-]{subsection.2.5.4}{\376\377\0002\000.\0005\000.\0004\000\040\004\020\004\100\004\105\004\070\004\102\004\065\004\072\004\102\004\103\004\100\004\113\000\040\004\075\004\060\000\040\004\076\004\101\004\075\004\076\004\062\004\065\000\040\004\117\004\067\004\113\004\072\004\076\004\062\004\076\004\071\000\040\004\074\004\076\004\064\004\065\004\073\004\070\000\040\000D\000e\000B\000E\000R\000T\000a}{section.2.5}% 52
\BOOKMARK [2][-]{subsection.2.5.5}{\376\377\0002\000.\0005\000.\0005\000\040\004\020\004\075\004\101\004\060\004\074\004\061\004\073\004\114\000\040\000l\000l\000m}{section.2.5}% 53
\BOOKMARK [1][-]{section.2.6}{\376\377\0002\000.\0006\000\040\004\020\004\075\004\060\004\073\004\070\004\067\000\040\004\077\004\100\004\070\004\067\004\075\004\060\004\072\004\076\004\062\000\040\004\070\000\040\004\075\004\060\004\101\004\102\004\100\004\076\004\071\004\072\004\060\000\040\004\074\004\076\004\064\004\065\004\073\004\065\004\071}{chapter.2}% 54
\BOOKMARK [2][-]{subsection.2.6.1}{\376\377\0002\000.\0006\000.\0001\000\040\004\036\004\106\004\065\004\075\004\070\004\062\004\060\004\075\004\070\004\065\000\040\004\062\004\060\004\066\004\075\004\076\004\101\004\102\004\070\000\040\004\077\004\100\004\070\004\067\004\075\004\060\004\072\004\076\004\062}{section.2.6}% 55
\BOOKMARK [2][-]{subsection.2.6.2}{\376\377\0002\000.\0006\000.\0002\000\040\004\032\004\073\004\060\004\101\004\102\004\065\004\100\004\070\004\067\004\060\004\106\004\070\004\117\000\040\004\062\004\070\004\064\004\065\004\076}{section.2.6}% 56
\BOOKMARK [2][-]{subsection.2.6.3}{\376\377\0002\000.\0006\000.\0003\000\040\004\037\004\076\004\064\004\061\004\076\004\100\000\040\004\063\004\070\004\077\004\065\004\100\004\077\004\060\004\100\004\060\004\074\004\065\004\102\004\100\004\076\004\062\000.}{section.2.6}% 57
\BOOKMARK [1][-]{subsection.2.6.3}{\376\377\004\022\004\113\004\062\004\076\004\064\004\113\000\040\004\077\004\076\000\040\004\063\004\073\004\060\004\062\004\065\000\040\0002}{chapter.2}% 58
\BOOKMARK [0][-]{chapter.3}{\376\377\0003\000\040\004\040\004\065\004\060\004\073\004\070\004\067\004\060\004\106\004\070\004\117\000\040\004\070\000\040\004\115\004\072\004\101\004\077\004\065\004\100\004\070\004\074\004\065\004\075\004\102\004\060\004\073\004\114\004\075\004\060\004\117\000\040\004\076\004\106\004\065\004\075\004\072\004\060\000\040\004\074\004\076\004\064\004\065\004\073\004\065\004\071}{}% 59
\BOOKMARK [1][-]{section.3.1}{\376\377\0003\000.\0001\000\040\004\042\004\100\004\065\004\075\004\070\004\100\004\076\004\062\004\076\004\107\004\075\004\113\004\071\000\040\004\076\004\100\004\072\004\065\004\101\004\102\004\100\004\060\004\102\004\076\004\100}{chapter.3}% 60
\BOOKMARK [1][-]{section.3.2}{\376\377\0003\000.\0002\000\040\004\020\004\063\004\100\004\065\004\063\004\060\004\102\004\076\004\100\000\040\004\077\004\100\004\070\004\067\004\075\004\060\004\072\004\076\004\062}{chapter.3}% 61
\BOOKMARK [1][-]{section.3.3}{\376\377\0003\000.\0003\000\040\004\032\004\073\004\116\004\107\004\065\004\062\004\113\004\065\000\040\004\104\004\060\004\071\004\073\004\113\000\040\004\070\000\040\004\064\004\070\004\100\004\065\004\072\004\102\004\076\004\100\004\070\004\070}{chapter.3}% 62
\BOOKMARK [1][-]{section.3.4}{\376\377\0003\000.\0004\000\040\004\042\004\065\004\101\004\102\004\070\004\100\004\076\004\062\004\060\004\075\004\070\004\065\000\040\004\077\004\100\004\076\004\064\004\103\004\072\004\102\004\060}{chapter.3}% 63
\BOOKMARK [1][-]{section.3.4}{\376\377\004\022\004\113\004\062\004\076\004\064\004\113\000\040\004\077\004\076\000\040\004\063\004\073\004\060\004\062\004\065\000\040\0003}{chapter.3}% 64
\BOOKMARK [0][-]{chapter*.11}{\376\377\004\027\004\020\004\032\004\033\004\056\004\047\004\025\004\035\004\030\004\025}{}% 65
\BOOKMARK [0][-]{chapter*.12}{\376\377\004\041\004\037\004\030\004\041\004\036\004\032\000\040\004\030\004\041\004\037\004\036\004\033\004\054\004\027\004\036\004\022\004\020\004\035\004\035\004\053\004\045\000\040\004\030\004\041\004\042\004\036\004\047\004\035\004\030\004\032\004\036\004\022}{}% 66
\BOOKMARK [0][-]{appendix*.13}{\376\377\004\037\004\100\004\070\004\073\004\076\004\066\004\065\004\075\004\070\004\065\000\040\004\020}{}% 67
\BOOKMARK [0][-]{appendix*.15}{\376\377\004\037\004\100\004\070\004\073\004\076\004\066\004\065\004\075\004\070\004\065\000\040\004\021}{}% 68
\BOOKMARK [0][-]{appendix*.18}{\376\377\004\037\004\100\004\070\004\073\004\076\004\066\004\065\004\075\004\070\004\065\000\040\004\022}{}% 69
\BOOKMARK [0][-]{appendix*.21}{\376\377\004\037\004\100\004\070\004\073\004\076\004\066\004\065\004\075\004\070\004\065\000\040\004\023}{}% 70
\BOOKMARK [0][-]{appendix*.23}{\376\377\004\037\004\100\004\070\004\073\004\076\004\066\004\065\004\075\004\070\004\065\000\040\004\024}{}% 71
\BOOKMARK [0][-]{appendix*.25}{\376\377\004\037\004\100\004\070\004\073\004\076\004\066\004\065\004\075\004\070\004\065\000\040\004\025}{}% 72
\BOOKMARK [0][-]{appendix*.29}{\376\377\004\037\004\100\004\070\004\073\004\076\004\066\004\065\004\075\004\070\004\065\000\040\004\026}{}% 73
\BOOKMARK [0][-]{appendix*.31}{\376\377\004\037\004\100\004\070\004\073\004\076\004\066\004\065\004\075\004\070\004\065\000\040\004\027}{}% 74
\BOOKMARK [0][-]{appendix*.33}{\376\377\004\037\004\100\004\070\004\073\004\076\004\066\004\065\004\075\004\070\004\065\000\040\004\030}{}% 75
\BOOKMARK [0][-]{appendix*.35}{\376\377\004\037\004\100\004\070\004\073\004\076\004\066\004\065\004\075\004\070\004\065\000\040\004\032}{}% 76
\BOOKMARK [0][-]{appendix*.37}{\376\377\004\037\004\100\004\070\004\073\004\076\004\066\004\065\004\075\004\070\004\065\000\040\004\033}{}% 77
\BOOKMARK [0][-]{appendix*.39}{\376\377\004\037\004\100\004\070\004\073\004\076\004\066\004\065\004\075\004\070\004\065\000\040\004\034}{}% 78
\BOOKMARK [0][-]{appendix*.41}{\376\377\004\037\004\100\004\070\004\073\004\076\004\066\004\065\004\075\004\070\004\065\000\040\004\035}{}% 79
\BOOKMARK [0][-]{appendix*.42}{\376\377\004\037\004\100\004\070\004\073\004\076\004\066\004\065\004\075\004\070\004\065\000\040\004\037}{}% 80
\BOOKMARK [0][-]{appendix*.43}{\376\377\004\037\004\100\004\070\004\073\004\076\004\066\004\065\004\075\004\070\004\065\000\040\004\040}{}% 81
\BOOKMARK [0][-]{appendix*.49}{\376\377\004\037\004\100\004\070\004\073\004\076\004\066\004\065\004\075\004\070\004\065\000\040\004\041}{}% 82
\BOOKMARK [0][-]{appendix*.53}{\376\377\004\037\004\100\004\070\004\073\004\076\004\066\004\065\004\075\004\070\004\065\000\040\004\042}{}% 83
\BOOKMARK [0][-]{appendix*.55}{\376\377\004\037\004\100\004\070\004\073\004\076\004\066\004\065\004\075\004\070\004\065\000\040\004\043}{}% 84
